<?xml version="1.0" encoding="UTF-8"?>
<robot generator="Robot 6.0.2 (Python 3.9.10 on win32)" generated="20230216 22:38:52.268" rpa="false" schemaversion="3">
<suite id="s1" name="Main" source="C:\Users\Golden boy\OneDrive - H3 Campus\Bureau\my_own_robot\Projet robot 2\Tests\main.robot">
<kw name="Begin Web Test" library="common" type="SETUP">
<kw name="Open Browser" library="SeleniumLibrary">
<arg>about:blank</arg>
<arg>${navi}</arg>
<doc>Opens a new browser instance to the optional ``url``.</doc>
<msg timestamp="20230216 22:38:52.542" level="INFO">Opening browser 'chrome' to base url 'about:blank'.</msg>
<status status="PASS" starttime="20230216 22:38:52.542" endtime="20230216 22:38:54.039"/>
</kw>
<kw name="Maximize Browser Window" library="SeleniumLibrary">
<doc>Maximizes current browser window.</doc>
<status status="PASS" starttime="20230216 22:38:54.039" endtime="20230216 22:38:54.167"/>
</kw>
<status status="PASS" starttime="20230216 22:38:52.541" endtime="20230216 22:38:54.167"/>
</kw>
<test id="s1-t1" name="Voir produit disponible" line="13">
<kw name="Charger google" library="PageAcceuil">
<kw name="Go To" library="SeleniumLibrary">
<arg>${uri}</arg>
<doc>Navigates the current browser window to the provided ``url``.</doc>
<msg timestamp="20230216 22:38:54.169" level="INFO">Opening url 'https://www.google.com/'</msg>
<status status="PASS" starttime="20230216 22:38:54.169" endtime="20230216 22:38:54.587"/>
</kw>
<kw name="Click Element" library="SeleniumLibrary">
<arg>//*[@id="L2AGLb"]</arg>
<doc>Click the element identified by ``locator``.</doc>
<msg timestamp="20230216 22:38:54.588" level="INFO">Clicking element '//*[@id="L2AGLb"]'.</msg>
<status status="PASS" starttime="20230216 22:38:54.587" endtime="20230216 22:38:54.651"/>
</kw>
<kw name="Wait Until Page Contains" library="SeleniumLibrary">
<arg>Google</arg>
<doc>Waits until ``text`` appears on the current page.</doc>
<status status="PASS" starttime="20230216 22:38:54.651" endtime="20230216 22:38:54.669"/>
</kw>
<status status="PASS" starttime="20230216 22:38:54.168" endtime="20230216 22:38:54.669"/>
</kw>
<kw name="Chercher le site amazone" library="PageAcceuil">
<kw name="Clear Element Text" library="SeleniumLibrary">
<arg>xpath=/html/body/div[1]/div[3]/form/div[1]/div[1]/div[1]/div/div[2]/input</arg>
<doc>Clears the value of the text-input-element identified by ``locator``.</doc>
<status status="PASS" starttime="20230216 22:38:54.670" endtime="20230216 22:38:54.719"/>
</kw>
<kw name="Input Text" library="SeleniumLibrary">
<arg>xpath=/html/body/div[1]/div[3]/form/div[1]/div[1]/div[1]/div/div[2]/input</arg>
<arg>amazon</arg>
<doc>Types the given ``text`` into the text field identified by ``locator``.</doc>
<msg timestamp="20230216 22:38:54.720" level="INFO">Typing text 'amazon' into text field 'xpath=/html/body/div[1]/div[3]/form/div[1]/div[1]/div[1]/div/div[2]/input'.</msg>
<status status="PASS" starttime="20230216 22:38:54.719" endtime="20230216 22:38:54.909"/>
</kw>
<kw name="Click Element" library="SeleniumLibrary">
<arg>xpath=//*[@id="gbqfbb"]</arg>
<doc>Click the element identified by ``locator``.</doc>
<msg timestamp="20230216 22:38:54.910" level="INFO">Clicking element 'xpath=//*[@id="gbqfbb"]'.</msg>
<msg timestamp="20230216 22:38:56.335" level="INFO" html="true">&lt;/td&gt;&lt;/tr&gt;&lt;tr&gt;&lt;td colspan="3"&gt;&lt;a href="selenium-screenshot-60.png"&gt;&lt;img src="selenium-screenshot-60.png" width="800px"&gt;&lt;/a&gt;</msg>
<msg timestamp="20230216 22:38:56.336" level="FAIL">ElementClickInterceptedException: Message: element click intercepted: Element &lt;input id="gbqfbb" value="J'ai de la chance" aria-label="J'ai de la chance" name="btnI" role="button" tabindex="0" type="submit" data-ved="0ahUKEwid-dmwgJv9AhVOUqQEHVOkAmUQnRsIDg"&gt; is not clickable at point (1041, 469). Other element would receive the click: &lt;span&gt;...&lt;/span&gt;
  (Session info: chrome=109.0.5414.120)
Stacktrace:
Backtrace:
	(No symbol) [0x00BEF243]
	(No symbol) [0x00B77FD1]
	(No symbol) [0x00A6D04D]
	(No symbol) [0x00AA28B9]
	(No symbol) [0x00AA08CC]
	(No symbol) [0x00A9E4CB]
	(No symbol) [0x00A9D164]
	(No symbol) [0x00A932A6]
	(No symbol) [0x00AB858C]
	(No symbol) [0x00A92BFF]
	(No symbol) [0x00AB8804]
	(No symbol) [0x00ACC9EB]
	(No symbol) [0x00AB8386]
	(No symbol) [0x00A9163C]
	(No symbol) [0x00A9269D]
	GetHandleVerifier [0x00E89A22+2655074]
	GetHandleVerifier [0x00E7CA24+2601828]
	GetHandleVerifier [0x00C98C0A+619850]
	GetHandleVerifier [0x00C97830+614768]
	(No symbol) [0x00B805FC]
	(No symbol) [0x00B85968]
	(No symbol) [0x00B85A55]
	(No symbol) [0x00B9051B]
	BaseThreadInitThunk [0x76A800F9+25]
	RtlGetAppContainerNamedObjectPath [0x77A07BBE+286]
	RtlGetAppContainerNamedObjectPath [0x77A07B8E+238]
</msg>
<status status="FAIL" starttime="20230216 22:38:54.909" endtime="20230216 22:38:56.343"/>
</kw>
<kw name="Wait Until Page Contains" library="SeleniumLibrary">
<arg>Images</arg>
<doc>Waits until ``text`` appears on the current page.</doc>
<status status="NOT RUN" starttime="20230216 22:38:56.343" endtime="20230216 22:38:56.343"/>
</kw>
<status status="FAIL" starttime="20230216 22:38:54.669" endtime="20230216 22:38:56.343"/>
</kw>
<kw name="Naviger vers le site amazon" library="PageAcceuil">
<status status="NOT RUN" starttime="20230216 22:38:56.344" endtime="20230216 22:38:56.344"/>
</kw>
<kw name="Rechercher un produit" library="PageAcceuil">
<status status="NOT RUN" starttime="20230216 22:38:56.345" endtime="20230216 22:38:56.345"/>
</kw>
<status status="FAIL" starttime="20230216 22:38:54.167" endtime="20230216 22:38:56.345">ElementClickInterceptedException: Message: element click intercepted: Element &lt;input id="gbqfbb" value="J'ai de la chance" aria-label="J'ai de la chance" name="btnI" role="button" tabindex="0" type="submit" data-ved="0ahUKEwid-dmwgJv9AhVOUqQEHVOkAmUQnRsIDg"&gt; is not clickable at point (1041, 469). Other element would receive the click: &lt;span&gt;...&lt;/span&gt;
  (Session info: chrome=109.0.5414.120)
Stacktrace:
Backtrace:
	(No symbol) [0x00BEF243]
	(No symbol) [0x00B77FD1]
	(No symbol) [0x00A6D04D]
	(No symbol) [0x00AA28B9]
	(No symbol) [0x00AA08CC]
	(No symbol) [0x00A9E4CB]
	(No symbol) [0x00A9D164]
	(No symbol) [0x00A932A6]
	(No symbol) [0x00AB858C]
	(No symbol) [0x00A92BFF]
	(No symbol) [0x00AB8804]
	(No symbol) [0x00ACC9EB]
	(No symbol) [0x00AB8386]
	(No symbol) [0x00A9163C]
	(No symbol) [0x00A9269D]
	GetHandleVerifier [0x00E89A22+2655074]
	GetHandleVerifier [0x00E7CA24+2601828]
	GetHandleVerifier [0x00C98C0A+619850]
	GetHandleVerifier [0x00C97830+614768]
	(No symbol) [0x00B805FC]
	(No symbol) [0x00B85968]
	(No symbol) [0x00B85A55]
	(No symbol) [0x00B9051B]
	BaseThreadInitThunk [0x76A800F9+25]
	RtlGetAppContainerNamedObjectPath [0x77A07BBE+286]
	RtlGetAppContainerNamedObjectPath [0x77A07B8E+238]
</status>
</test>
<test id="s1-t2" name="Acceder au produit" line="23">
<kw name="Choisir un produit interressant" library="PageProduit">
<kw name="Click Element" library="SeleniumLibrary">
<arg>xpath=//*[@id="sp-cc-accept"]</arg>
<doc>Click the element identified by ``locator``.</doc>
<msg timestamp="20230216 22:38:56.353" level="INFO">Clicking element 'xpath=//*[@id="sp-cc-accept"]'.</msg>
<msg timestamp="20230216 22:38:56.549" level="INFO" html="true">&lt;/td&gt;&lt;/tr&gt;&lt;tr&gt;&lt;td colspan="3"&gt;&lt;a href="selenium-screenshot-61.png"&gt;&lt;img src="selenium-screenshot-61.png" width="800px"&gt;&lt;/a&gt;</msg>
<msg timestamp="20230216 22:38:56.550" level="FAIL">Element with locator 'xpath=//*[@id="sp-cc-accept"]' not found.</msg>
<status status="FAIL" starttime="20230216 22:38:56.352" endtime="20230216 22:38:56.551"/>
</kw>
<kw name="Click Element" library="SeleniumLibrary">
<arg>//*[@id="search"]/div[1]/div[1]/div/span[1]/div[1]/div[6]/div/div/div/div/div[2]/div[2]/h2/a/span</arg>
<doc>Click the element identified by ``locator``.</doc>
<status status="NOT RUN" starttime="20230216 22:38:56.552" endtime="20230216 22:38:56.552"/>
</kw>
<kw name="Wait Until Page Contains" library="SeleniumLibrary">
<arg>Ajouter au panier</arg>
<doc>Waits until ``text`` appears on the current page.</doc>
<status status="NOT RUN" starttime="20230216 22:38:56.552" endtime="20230216 22:38:56.552"/>
</kw>
<status status="FAIL" starttime="20230216 22:38:56.351" endtime="20230216 22:38:56.552"/>
</kw>
<kw name="Choisir capacitÃ© iphone" library="PageProduit">
<status status="NOT RUN" starttime="20230216 22:38:56.553" endtime="20230216 22:38:56.553"/>
</kw>
<kw name="Ajouter iphone au panier" library="PageProduit">
<status status="NOT RUN" starttime="20230216 22:38:56.553" endtime="20230216 22:38:56.553"/>
</kw>
<status status="FAIL" starttime="20230216 22:38:56.350" endtime="20230216 22:38:56.553">Element with locator 'xpath=//*[@id="sp-cc-accept"]' not found.</status>
</test>
<test id="s1-t3" name="Acceder au panier" line="30">
<kw name="Inspecter panier" library="Panier">
<kw name="Wait Until Page Contains" library="SeleniumLibrary">
<arg>Votre panier</arg>
<doc>Waits until ``text`` appears on the current page.</doc>
<msg timestamp="20230216 22:39:01.736" level="INFO" html="true">&lt;/td&gt;&lt;/tr&gt;&lt;tr&gt;&lt;td colspan="3"&gt;&lt;a href="selenium-screenshot-62.png"&gt;&lt;img src="selenium-screenshot-62.png" width="800px"&gt;&lt;/a&gt;</msg>
<msg timestamp="20230216 22:39:01.737" level="FAIL">Text 'Votre panier' did not appear in 5 seconds.</msg>
<status status="FAIL" starttime="20230216 22:38:56.555" endtime="20230216 22:39:01.765"/>
</kw>
<kw name="Click Element" library="SeleniumLibrary">
<arg>//*[@id="attachSiNoCoverage"]/span/input</arg>
<doc>Click the element identified by ``locator``.</doc>
<status status="NOT RUN" starttime="20230216 22:39:01.765" endtime="20230216 22:39:01.765"/>
</kw>
<kw name="Click Element" library="SeleniumLibrary">
<arg>//*[@id="attach-close_sideSheet-link"]</arg>
<doc>Click the element identified by ``locator``.</doc>
<status status="NOT RUN" starttime="20230216 22:39:01.765" endtime="20230216 22:39:01.765"/>
</kw>
<status status="FAIL" starttime="20230216 22:38:56.555" endtime="20230216 22:39:01.766"/>
</kw>
<kw name="Valider panier" library="Panier">
<status status="NOT RUN" starttime="20230216 22:39:01.766" endtime="20230216 22:39:01.766"/>
</kw>
<status status="FAIL" starttime="20230216 22:38:56.554" endtime="20230216 22:39:01.767">Text 'Votre panier' did not appear in 5 seconds.</status>
</test>
<kw name="End web Test" library="common" type="TEARDOWN">
<kw name="Close Browser" library="SeleniumLibrary">
<doc>Closes the current browser.</doc>
<status status="PASS" starttime="20230216 22:39:01.769" endtime="20230216 22:39:04.169"/>
</kw>
<status status="PASS" starttime="20230216 22:39:01.769" endtime="20230216 22:39:04.170"/>
</kw>
<status status="FAIL" starttime="20230216 22:38:52.272" endtime="20230216 22:39:04.170"/>
</suite>
<statistics>
<total>
<stat pass="0" fail="3" skip="0">All Tests</stat>
</total>
<tag>
</tag>
<suite>
<stat pass="0" fail="3" skip="0" id="s1" name="Main">Main</stat>
</suite>
</statistics>
<errors>
</errors>
</robot>
